<?xml version="1.0" encoding="UTF-8"?>
<!-- Generated by org.testng.reporters.JUnitXMLReporter -->
<testsuite ignored="0" hostname="DESKTOP-F396GN6" failures="0" tests="3" name="Test" time="17.865" errors="0" timestamp="2023-08-15T14:48:21 IST">
  <testcase classname="Cofee_TestCases.TC01_Cofee" name="Add_Cup_intocart" time="5.266"/>
  <testcase classname="Cofee_TestCases.TC01_Cofee" name="ExtraCupPopUp" time="3.368"/>
  <testcase classname="Cofee_TestCases.TC01_Cofee" name="Get_Extra_Cup_Second_Popup" time="0.538"/>
</testsuite> <!-- Test -->
