<?xml version="1.0" encoding="UTF-8"?>
<testng-results ignored="0" total="2" passed="2" failed="0" skipped="0">
  <reporter-output>
  </reporter-output>
  <suite started-at="2023-08-03T11:48:31 IST" name="Suite" finished-at="2023-08-03T11:48:39 IST" duration-ms="7769">
    <groups>
    </groups>
    <test started-at="2023-08-03T11:48:31 IST" name="Test" finished-at="2023-08-03T11:48:39 IST" duration-ms="7769">
      <class name="Cofee_TestCases.TC02">
        <test-method is-config="true" signature="OpenURL()[pri:0, instance:Cofee_TestCases.TC02@79eb4628]" started-at="2023-08-03T11:48:37 IST" name="OpenURL" finished-at="2023-08-03T11:48:39 IST" duration-ms="1724" status="PASS">
          <reporter-output>
          </reporter-output>
        </test-method> <!-- OpenURL -->
        <test-method signature="ExtraCupPopUp()[pri:0, instance:Cofee_TestCases.TC02@79eb4628]" started-at="2023-08-03T11:48:39 IST" name="ExtraCupPopUp" finished-at="2023-08-03T11:48:39 IST" duration-ms="0" status="PASS">
          <reporter-output>
          </reporter-output>
        </test-method> <!-- ExtraCupPopUp -->
        <test-method is-config="true" signature="CloseUrl()[pri:0, instance:Cofee_TestCases.TC02@79eb4628]" started-at="2023-08-03T11:48:39 IST" name="CloseUrl" finished-at="2023-08-03T11:48:39 IST" duration-ms="102" status="PASS">
          <reporter-output>
          </reporter-output>
        </test-method> <!-- CloseUrl -->
      </class> <!-- Cofee_TestCases.TC02 -->
      <class name="Cofee_TestCases.TC01_Cofee">
        <test-method is-config="true" signature="OpenURL()[pri:0, instance:Cofee_TestCases.TC01_Cofee@64cd3632]" started-at="2023-08-03T11:48:31 IST" name="OpenURL" finished-at="2023-08-03T11:48:34 IST" duration-ms="2513" status="PASS">
          <reporter-output>
          </reporter-output>
        </test-method> <!-- OpenURL -->
        <test-method signature="Add_Cup_intocart()[pri:0, instance:Cofee_TestCases.TC01_Cofee@64cd3632]" started-at="2023-08-03T11:48:34 IST" name="Add_Cup_intocart" finished-at="2023-08-03T11:48:37 IST" duration-ms="3243" status="PASS">
          <reporter-output>
          </reporter-output>
        </test-method> <!-- Add_Cup_intocart -->
        <test-method is-config="true" signature="CloseUrl()[pri:0, instance:Cofee_TestCases.TC01_Cofee@64cd3632]" started-at="2023-08-03T11:48:37 IST" name="CloseUrl" finished-at="2023-08-03T11:48:37 IST" duration-ms="151" status="PASS">
          <reporter-output>
          </reporter-output>
        </test-method> <!-- CloseUrl -->
      </class> <!-- Cofee_TestCases.TC01_Cofee -->
    </test> <!-- Test -->
  </suite> <!-- Suite -->
</testng-results>
