<?xml version="1.0" encoding="UTF-8"?>
<testng-results ignored="0" total="3" passed="3" failed="0" skipped="0">
  <reporter-output>
  </reporter-output>
  <suite started-at="2023-08-15T14:48:03 IST" name="Suite" finished-at="2023-08-15T14:48:21 IST" duration-ms="17865">
    <groups>
    </groups>
    <test started-at="2023-08-15T14:48:03 IST" name="Test" finished-at="2023-08-15T14:48:21 IST" duration-ms="17865">
      <class name="Cofee_TestCases.TC01_Cofee">
        <test-method is-config="true" signature="beforetest()[pri:0, instance:Cofee_TestCases.TC01_Cofee@2abf4075]" started-at="2023-08-15T14:48:03 IST" name="beforetest" finished-at="2023-08-15T14:48:03 IST" duration-ms="128" status="PASS">
          <reporter-output>
          </reporter-output>
        </test-method> <!-- beforetest -->
        <test-method is-config="true" signature="OpenURL()[pri:0, instance:Cofee_TestCases.TC01_Cofee@2abf4075]" started-at="2023-08-15T14:48:03 IST" name="OpenURL" finished-at="2023-08-15T14:48:11 IST" duration-ms="7917" status="PASS">
          <reporter-output>
          </reporter-output>
        </test-method> <!-- OpenURL -->
        <test-method signature="Add_Cup_intocart()[pri:1, instance:Cofee_TestCases.TC01_Cofee@2abf4075]" started-at="2023-08-15T14:48:11 IST" name="Add_Cup_intocart" finished-at="2023-08-15T14:48:17 IST" duration-ms="5266" status="PASS">
          <reporter-output>
          </reporter-output>
        </test-method> <!-- Add_Cup_intocart -->
        <test-method signature="ExtraCupPopUp()[pri:2, instance:Cofee_TestCases.TC01_Cofee@2abf4075]" started-at="2023-08-15T14:48:17 IST" name="ExtraCupPopUp" description="First Popup for extra cup appeared after selecting 3 cup" finished-at="2023-08-15T14:48:20 IST" duration-ms="3368" status="PASS">
          <reporter-output>
          </reporter-output>
        </test-method> <!-- ExtraCupPopUp -->
        <test-method signature="Get_Extra_Cup_Second_Popup()[pri:3, instance:Cofee_TestCases.TC01_Cofee@2abf4075]" started-at="2023-08-15T14:48:20 IST" name="Get_Extra_Cup_Second_Popup" description="2nd time pop-up for Get an extra cup of Mocha" finished-at="2023-08-15T14:48:21 IST" duration-ms="538" status="PASS">
          <reporter-output>
          </reporter-output>
        </test-method> <!-- Get_Extra_Cup_Second_Popup -->
        <test-method is-config="true" signature="CloseUrl()[pri:0, instance:Cofee_TestCases.TC01_Cofee@2abf4075]" started-at="2023-08-15T14:48:21 IST" name="CloseUrl" finished-at="2023-08-15T14:48:21 IST" duration-ms="264" status="PASS">
          <reporter-output>
          </reporter-output>
        </test-method> <!-- CloseUrl -->
        <test-method is-config="true" signature="aftertest()[pri:0, instance:Cofee_TestCases.TC01_Cofee@2abf4075]" started-at="2023-08-15T14:48:21 IST" name="aftertest" finished-at="2023-08-15T14:48:21 IST" duration-ms="341" status="PASS">
          <reporter-output>
          </reporter-output>
        </test-method> <!-- aftertest -->
      </class> <!-- Cofee_TestCases.TC01_Cofee -->
    </test> <!-- Test -->
  </suite> <!-- Suite -->
</testng-results>
