<?xml version="1.0" encoding="UTF-8"?>
<testng-results ignored="0" total="1" passed="1" failed="0" skipped="0">
  <reporter-output>
  </reporter-output>
  <suite started-at="2023-08-07T09:41:23 IST" name="Default suite" finished-at="2023-08-07T09:41:32 IST" duration-ms="8508">
    <groups>
    </groups>
    <test started-at="2023-08-07T09:41:23 IST" name="Default test" finished-at="2023-08-07T09:41:32 IST" duration-ms="8508">
      <class name="Cofee_TestCases.TC02_Cofee">
        <test-method is-config="true" signature="OpenURL()[pri:0, instance:Cofee_TestCases.TC02_Cofee@294425a7]" started-at="2023-08-07T09:41:23 IST" name="OpenURL" finished-at="2023-08-07T09:41:31 IST" duration-ms="7920" status="PASS">
          <reporter-output>
          </reporter-output>
        </test-method> <!-- OpenURL -->
        <test-method signature="ExtraCupPopUp()[pri:0, instance:Cofee_TestCases.TC02_Cofee@294425a7]" started-at="2023-08-07T09:41:31 IST" name="ExtraCupPopUp" finished-at="2023-08-07T09:41:32 IST" duration-ms="370" status="PASS">
          <reporter-output>
          </reporter-output>
        </test-method> <!-- ExtraCupPopUp -->
        <test-method is-config="true" signature="CloseUrl()[pri:0, instance:Cofee_TestCases.TC02_Cofee@294425a7]" started-at="2023-08-07T09:41:32 IST" name="CloseUrl" finished-at="2023-08-07T09:41:32 IST" duration-ms="183" status="PASS">
          <reporter-output>
          </reporter-output>
        </test-method> <!-- CloseUrl -->
      </class> <!-- Cofee_TestCases.TC02_Cofee -->
    </test> <!-- Default test -->
  </suite> <!-- Default suite -->
</testng-results>
